[debug] [2017-11-16T05:52:12.631Z] ----------------------------------------------------------------------
[debug] [2017-11-16T05:52:12.631Z] Command:       C:\Program Files\nodejs\node.exe C:\Users\gubin_km\AppData\Roaming\npm\node_modules\firebase-tools\bin\firebase login --reauth
[debug] [2017-11-16T05:52:12.631Z] CLI Version:   3.15.0
[debug] [2017-11-16T05:52:12.631Z] Platform:      win32
[debug] [2017-11-16T05:52:12.631Z] Node Version:  v8.9.1
[debug] [2017-11-16T05:52:12.631Z] Time:          Thu Nov 16 2017 08:52:12 GMT+0300 (RTZ 2 (зима))
[debug] [2017-11-16T05:52:12.631Z] ----------------------------------------------------------------------
[debug] 
[info] 
[info] Visit this URL on any device to log in:
[info] https://accounts.google.com/o/oauth2/auth?client_id=563584335869-fgrhgmd47bqnekij5i8b5pr03ho849e6.apps.googleusercontent.com&scope=email%20openid%20https%3A%2F%2Fwww.googleapis.com%2Fauth%2Fcloudplatformprojects.readonly%20https%3A%2F%2Fwww.googleapis.com%2Fauth%2Ffirebase%20https%3A%2F%2Fwww.googleapis.com%2Fauth%2Fcloud-platform&response_type=code&state=495435053&redirect_uri=http%3A%2F%2Flocalhost%3A9005
[info] 
[info] Waiting for authentication...
[debug] [2017-11-16T05:52:21.548Z] >>> HTTP REQUEST POST https://accounts.google.com/o/oauth2/token { code: '4/bh8QgweOqeub7XCoH4zurmvEFVP2G2CxShTaKpKZFPA',
  client_id: '563584335869-fgrhgmd47bqnekij5i8b5pr03ho849e6.apps.googleusercontent.com',
  client_secret: 'j9iVZfS8kkCEFUPaAeJV0sAi',
  redirect_uri: 'http://localhost:9005',
  grant_type: 'authorization_code' } 
 Thu Nov 16 2017 08:52:21 GMT+0300 (RTZ 2 (зима))
[debug] [2017-11-16T05:52:42.619Z] Token Fetch Error: Error
    at new FirebaseError (C:\Users\gubin_km\AppData\Roaming\npm\node_modules\firebase-tools\lib\error.js:11:17)
    at Request._callback (C:\Users\gubin_km\AppData\Roaming\npm\node_modules\firebase-tools\lib\api.js:32:23)
    at self.callback (C:\Users\gubin_km\AppData\Roaming\npm\node_modules\firebase-tools\node_modules\request\request.js:186:22)
    at emitOne (events.js:116:13)
    at Request.emit (events.js:211:7)
    at Request.onRequestError (C:\Users\gubin_km\AppData\Roaming\npm\node_modules\firebase-tools\node_modules\request\request.js:878:8)
    at emitOne (events.js:116:13)
    at ClientRequest.emit (events.js:211:7)
    at TLSSocket.socketErrorListener (_http_client.js:387:9)
    at emitOne (events.js:116:13)
